2023-06-13 17:06:384 INFO  HomePage :30 - Clicking on cookies : [[ChromeDriver: chrome on WINDOWS (0748b99cdad73a6bd962efddead77534)] -> xpath: //label[normalize-space()='Accept']]
2023-06-13 17:06:873 INFO  HomePage :35 - Clicking on All games tab : [[ChromeDriver: chrome on WINDOWS (0748b99cdad73a6bd962efddead77534)] -> xpath: //span[contains(text(),'All Games')]]
2023-06-13 17:06:129 INFO  AllGamesPage :27 - Get text : [[ChromeDriver: chrome on WINDOWS (0748b99cdad73a6bd962efddead77534)] -> xpath: //h2[contains(text(),'Online Slots')]]
2023-06-13 17:06:264 INFO  AllGamesPage :27 - Get text : [[ChromeDriver: chrome on WINDOWS (0748b99cdad73a6bd962efddead77534)] -> xpath: //h2[contains(text(),'Online Slots')]]
2023-06-13 17:06:524 INFO  HomePage :30 - Clicking on cookies : [[ChromeDriver: chrome on WINDOWS (305af61eb8e9c889d43c3048c10accdb)] -> xpath: //label[normalize-space()='Accept']]
2023-06-13 17:06:738 INFO  HomePage :35 - Clicking on All games tab : [[ChromeDriver: chrome on WINDOWS (305af61eb8e9c889d43c3048c10accdb)] -> xpath: //span[contains(text(),'All Games')]]
2023-06-13 17:06:904 INFO  AllGamesPage :27 - Get text : [[ChromeDriver: chrome on WINDOWS (305af61eb8e9c889d43c3048c10accdb)] -> xpath: //h2[contains(text(),'Online Slots')]]
2023-06-13 17:06:532 INFO  AllGamesPage :27 - Get text : [[ChromeDriver: chrome on WINDOWS (305af61eb8e9c889d43c3048c10accdb)] -> xpath: //h2[contains(text(),'Online Slots')]]
2023-06-13 17:06:971 INFO  AllGamesPage :33 - Clicking on game : [[ChromeDriver: chrome on WINDOWS (305af61eb8e9c889d43c3048c10accdb)] -> xpath: //img[@alt='3 Lucky Rainbows']]
2023-06-13 17:06:906 INFO  HomePage :30 - Clicking on cookies : [[ChromeDriver: chrome on WINDOWS (590771a7741472c61e8a35249cdf5bf0)] -> xpath: //label[normalize-space()='Accept']]
2023-06-13 17:06:223 INFO  HomePage :35 - Clicking on All games tab : [[ChromeDriver: chrome on WINDOWS (590771a7741472c61e8a35249cdf5bf0)] -> xpath: //span[contains(text(),'All Games')]]
2023-06-13 17:06:999 INFO  AllGamesPage :27 - Get text : [[ChromeDriver: chrome on WINDOWS (590771a7741472c61e8a35249cdf5bf0)] -> xpath: //h2[contains(text(),'Online Slots')]]
2023-06-13 17:06:163 INFO  AllGamesPage :27 - Get text : [[ChromeDriver: chrome on WINDOWS (590771a7741472c61e8a35249cdf5bf0)] -> xpath: //h2[contains(text(),'Online Slots')]]
2023-06-13 17:06:654 INFO  AllGamesPage :33 - Clicking on game : [[ChromeDriver: chrome on WINDOWS (590771a7741472c61e8a35249cdf5bf0)] -> xpath: //img[@alt='3 Lucky Rainbows']]
2023-06-13 18:06:120 INFO  HomePage :30 - Clicking on cookies : [[ChromeDriver: chrome on WINDOWS (59e352789b37744c7eee87812c104780)] -> xpath: //label[normalize-space()='Accept']]
2023-06-13 18:06:268 INFO  HomePage :35 - Clicking on All games tab : [[ChromeDriver: chrome on WINDOWS (59e352789b37744c7eee87812c104780)] -> xpath: //span[contains(text(),'All Games')]]
2023-06-13 18:06:648 INFO  AllGamesPage :27 - Get text : [[ChromeDriver: chrome on WINDOWS (59e352789b37744c7eee87812c104780)] -> xpath: //h2[contains(text(),'Online Slots')]]
2023-06-13 18:06:751 INFO  AllGamesPage :27 - Get text : [[ChromeDriver: chrome on WINDOWS (59e352789b37744c7eee87812c104780)] -> xpath: //h2[contains(text(),'Online Slots')]]
2023-06-13 18:06:311 INFO  AllGamesPage :33 - Clicking on game : [[ChromeDriver: chrome on WINDOWS (59e352789b37744c7eee87812c104780)] -> xpath: //img[@alt='3 Lucky Rainbows']]
2023-06-16 10:06:216 INFO  HomePage :30 - Clicking on cookies : [[ChromeDriver: chrome on WINDOWS (7806dd6fdee342e1dc2902979c70299c)] -> xpath: //label[normalize-space()='Accept']]
2023-06-16 10:06:580 INFO  HomePage :35 - Clicking on All games tab : [[ChromeDriver: chrome on WINDOWS (7806dd6fdee342e1dc2902979c70299c)] -> xpath: //span[contains(text(),'All Games')]]
2023-06-16 10:06:790 INFO  AllGamesPage :27 - Get text : [[ChromeDriver: chrome on WINDOWS (7806dd6fdee342e1dc2902979c70299c)] -> xpath: //h2[contains(text(),'Online Slots')]]
2023-06-16 10:06:930 INFO  AllGamesPage :27 - Get text : [[ChromeDriver: chrome on WINDOWS (7806dd6fdee342e1dc2902979c70299c)] -> xpath: //h2[contains(text(),'Online Slots')]]
2023-06-16 10:06:872 INFO  AllGamesPage :33 - Clicking on game : [[ChromeDriver: chrome on WINDOWS (7806dd6fdee342e1dc2902979c70299c)] -> xpath: //img[@alt='3 Lucky Rainbows']]
2023-06-16 10:06:857 INFO  HomePage :30 - Clicking on cookies : [[ChromeDriver: chrome on WINDOWS (82c4ba5360bd8afdec91a000b83224e8)] -> xpath: //label[normalize-space()='Accept']]
2023-06-16 10:06:278 INFO  HomePage :35 - Clicking on All games tab : [[ChromeDriver: chrome on WINDOWS (82c4ba5360bd8afdec91a000b83224e8)] -> xpath: //span[contains(text(),'All Games')]]
2023-06-16 10:06:80 INFO  AllGamesPage :27 - Get text : [[ChromeDriver: chrome on WINDOWS (82c4ba5360bd8afdec91a000b83224e8)] -> xpath: //h2[contains(text(),'Online Slots')]]
2023-06-16 10:06:238 INFO  AllGamesPage :27 - Get text : [[ChromeDriver: chrome on WINDOWS (82c4ba5360bd8afdec91a000b83224e8)] -> xpath: //h2[contains(text(),'Online Slots')]]
2023-06-16 10:06:861 INFO  AllGamesPage :33 - Clicking on game : [[ChromeDriver: chrome on WINDOWS (82c4ba5360bd8afdec91a000b83224e8)] -> xpath: //img[@alt='3 Lucky Rainbows']]
2023-06-16 19:06:566 INFO  HomePage :30 - Clicking on cookies : [[ChromeDriver: chrome on WINDOWS (3a871b78ccf6bd546b1f5c8c53c3c51a)] -> xpath: //label[normalize-space()='Accept']]
2023-06-16 19:06:05 INFO  HomePage :35 - Clicking on All games tab : [[ChromeDriver: chrome on WINDOWS (3a871b78ccf6bd546b1f5c8c53c3c51a)] -> xpath: //span[contains(text(),'All Games')]]
2023-06-16 19:06:212 INFO  AllGamesPage :27 - Get text : [[ChromeDriver: chrome on WINDOWS (3a871b78ccf6bd546b1f5c8c53c3c51a)] -> xpath: //h2[contains(text(),'Online Slots')]]
2023-06-16 19:06:306 INFO  AllGamesPage :27 - Get text : [[ChromeDriver: chrome on WINDOWS (3a871b78ccf6bd546b1f5c8c53c3c51a)] -> xpath: //h2[contains(text(),'Online Slots')]]
2023-06-16 19:06:05 INFO  AllGamesPage :33 - Clicking on game : [[ChromeDriver: chrome on WINDOWS (3a871b78ccf6bd546b1f5c8c53c3c51a)] -> xpath: //img[@alt='3 Lucky Rainbows']]
2023-06-17 14:06:969 INFO  HomePage :35 - Clicking on cookies : [[ChromeDriver: chrome on WINDOWS (ca88147120322d6e1ea4532224be24c0)] -> xpath: //label[normalize-space()='Accept']]
2023-06-17 14:06:303 INFO  HomePage :40 - Clicking on All games tab : [[ChromeDriver: chrome on WINDOWS (ca88147120322d6e1ea4532224be24c0)] -> xpath: //span[contains(text(),'All Games')]]
2023-06-17 14:06:412 INFO  AllGamesPage :27 - Get text : [[ChromeDriver: chrome on WINDOWS (ca88147120322d6e1ea4532224be24c0)] -> xpath: //h2[contains(text(),'Online Slots')]]
2023-06-17 14:06:785 INFO  AllGamesPage :27 - Get text : [[ChromeDriver: chrome on WINDOWS (ca88147120322d6e1ea4532224be24c0)] -> xpath: //h2[contains(text(),'Online Slots')]]
2023-06-17 14:06:229 INFO  AllGamesPage :33 - Clicking on game : [[ChromeDriver: chrome on WINDOWS (ca88147120322d6e1ea4532224be24c0)] -> xpath: //img[@alt='3 Lucky Rainbows']]
2023-06-17 14:06:429 INFO  HomePage :35 - Clicking on cookies : [[ChromeDriver: chrome on WINDOWS (3bb0d42b981a5cd7994e7a506b4f5044)] -> xpath: //label[normalize-space()='Accept']]
2023-06-17 14:06:813 INFO  HomePage :45 - Clicking on login link : [[ChromeDriver: chrome on WINDOWS (3bb0d42b981a5cd7994e7a506b4f5044)] -> xpath: //a[contains(text(),'Login')]]
2023-06-17 14:06:597 INFO  HomePage :35 - Clicking on cookies : [[ChromeDriver: chrome on WINDOWS (e253a0b6816865debfbcec0ee9877960)] -> xpath: //label[normalize-space()='Accept']]
2023-06-17 14:06:58 INFO  HomePage :45 - Clicking on login link : [[ChromeDriver: chrome on WINDOWS (e253a0b6816865debfbcec0ee9877960)] -> xpath: //a[contains(text(),'Login')]]
2023-06-17 14:06:235 INFO  HomePage :35 - Clicking on cookies : [[ChromeDriver: chrome on WINDOWS (bd13714540d41f528077cf0812e3a5fc)] -> xpath: //label[normalize-space()='Accept']]
2023-06-17 14:06:534 INFO  HomePage :40 - Clicking on All games tab : [[ChromeDriver: chrome on WINDOWS (bd13714540d41f528077cf0812e3a5fc)] -> xpath: //span[contains(text(),'All Games')]]
2023-06-17 14:06:438 INFO  AllGamesPage :27 - Get text : [[ChromeDriver: chrome on WINDOWS (bd13714540d41f528077cf0812e3a5fc)] -> xpath: //h2[contains(text(),'Online Slots')]]
2023-06-17 14:06:501 INFO  AllGamesPage :27 - Get text : [[ChromeDriver: chrome on WINDOWS (bd13714540d41f528077cf0812e3a5fc)] -> xpath: //h2[contains(text(),'Online Slots')]]
2023-06-17 14:06:949 INFO  AllGamesPage :33 - Clicking on game : [[ChromeDriver: chrome on WINDOWS (bd13714540d41f528077cf0812e3a5fc)] -> xpath: //img[@alt='3 Lucky Rainbows']]
2023-06-17 14:06:811 INFO  HomePage :35 - Clicking on cookies : [[ChromeDriver: chrome on WINDOWS (5b69cd5ecbf67ad0b851962c9dd9abd0)] -> xpath: //label[normalize-space()='Accept']]
2023-06-17 14:06:138 INFO  HomePage :45 - Clicking on login link : [[ChromeDriver: chrome on WINDOWS (5b69cd5ecbf67ad0b851962c9dd9abd0)] -> xpath: //a[contains(text(),'Login')]]
2023-06-17 14:06:371 INFO  HomePage :35 - Clicking on cookies : [[ChromeDriver: chrome on WINDOWS (8bf3e27867ef25ae79b160393b4cddb6)] -> xpath: //label[normalize-space()='Accept']]
2023-06-17 14:06:690 INFO  HomePage :40 - Clicking on All games tab : [[ChromeDriver: chrome on WINDOWS (8bf3e27867ef25ae79b160393b4cddb6)] -> xpath: //span[contains(text(),'All Games')]]
2023-06-17 14:06:714 INFO  AllGamesPage :27 - Get text : [[ChromeDriver: chrome on WINDOWS (8bf3e27867ef25ae79b160393b4cddb6)] -> xpath: //h2[contains(text(),'Online Slots')]]
2023-06-17 14:06:773 INFO  AllGamesPage :27 - Get text : [[ChromeDriver: chrome on WINDOWS (8bf3e27867ef25ae79b160393b4cddb6)] -> xpath: //h2[contains(text(),'Online Slots')]]
2023-06-17 14:06:199 INFO  AllGamesPage :33 - Clicking on game : [[ChromeDriver: chrome on WINDOWS (8bf3e27867ef25ae79b160393b4cddb6)] -> xpath: //img[@alt='3 Lucky Rainbows']]
2023-06-17 14:06:169 INFO  HomePage :35 - Clicking on cookies : [[ChromeDriver: chrome on WINDOWS (7bb954ac8d2cf2710339f3553fc65183)] -> xpath: //label[normalize-space()='Accept']]
2023-06-17 14:06:520 INFO  HomePage :45 - Clicking on login link : [[ChromeDriver: chrome on WINDOWS (7bb954ac8d2cf2710339f3553fc65183)] -> xpath: //a[contains(text(),'Login')]]
